c:\users\ilike\desktop\c++ stuff\ag3-vs2c\ag3\ag3\ag3\x64\release\component_pool.obj
c:\users\ilike\desktop\c++ stuff\ag3-vs2c\ag3\ag3\ag3\x64\release\protocol.obj
c:\users\ilike\desktop\c++ stuff\ag3-vs2c\ag3\ag3\ag3\x64\release\base_component.obj
c:\users\ilike\desktop\c++ stuff\ag3-vs2c\ag3\ag3\ag3\x64\release\animation.obj
c:\users\ilike\desktop\c++ stuff\ag3-vs2c\ag3\ag3\ag3\x64\release\meshpool.obj
c:\users\ilike\desktop\c++ stuff\ag3-vs2c\ag3\ag3\ag3\x64\release\game.obj
c:\users\ilike\desktop\c++ stuff\ag3-vs2c\ag3\ag3\ag3\x64\release\collider_component.obj
c:\users\ilike\desktop\c++ stuff\ag3-vs2c\ag3\ag3\ag3\x64\release\stb_image.obj
c:\users\ilike\desktop\c++ stuff\ag3-vs2c\ag3\ag3\ag3\x64\release\graphics_engine_export.obj
c:\users\ilike\desktop\c++ stuff\ag3-vs2c\ag3\ag3\ag3\x64\release\event.obj
c:\users\ilike\desktop\c++ stuff\ag3-vs2c\ag3\ag3\ag3\x64\release\base_shader_program.obj
c:\users\ilike\desktop\c++ stuff\ag3-vs2c\ag3\ag3\ag3\x64\release\text_mesh.obj
c:\users\ilike\desktop\c++ stuff\ag3-vs2c\ag3\ag3\ag3\x64\release\spatial_acceleration_structure.obj
c:\users\ilike\desktop\c++ stuff\ag3-vs2c\ag3\ag3\ag3\x64\release\render_component.obj
c:\users\ilike\desktop\c++ stuff\ag3-vs2c\ag3\ag3\ag3\x64\release\tinyobjloader.obj
c:\users\ilike\desktop\c++ stuff\ag3-vs2c\ag3\ag3\ag3\x64\release\window.obj
c:\users\ilike\desktop\c++ stuff\ag3-vs2c\ag3\ag3\ag3\x64\release\lifetime.obj
c:\users\ilike\desktop\c++ stuff\ag3-vs2c\ag3\ag3\ag3\x64\release\texture.obj
c:\users\ilike\desktop\c++ stuff\ag3-vs2c\ag3\ag3\ag3\x64\release\spotlight_component.obj
c:\users\ilike\desktop\c++ stuff\ag3-vs2c\ag3\ag3\ag3\x64\release\camera.obj
c:\users\ilike\desktop\c++ stuff\ag3-vs2c\ag3\ag3\ag3\x64\release\renderable_mesh.obj
c:\users\ilike\desktop\c++ stuff\ag3-vs2c\ag3\ag3\ag3\x64\release\modifier.obj
c:\users\ilike\desktop\c++ stuff\ag3-vs2c\ag3\ag3\ag3\x64\release\raycast.obj
c:\users\ilike\desktop\c++ stuff\ag3-vs2c\ag3\ag3\ag3\x64\release\rigidbody_component.obj
c:\users\ilike\desktop\c++ stuff\ag3-vs2c\ag3\ag3\ag3\x64\release\mesh_provider.obj
c:\users\ilike\desktop\c++ stuff\ag3-vs2c\ag3\ag3\ag3\x64\release\world_loader.obj
c:\users\ilike\desktop\c++ stuff\ag3-vs2c\ag3\ag3\ag3\x64\release\animation_component.obj
c:\users\ilike\desktop\c++ stuff\ag3-vs2c\ag3\ag3\ag3\x64\release\texture_atlas.obj
c:\users\ilike\desktop\c++ stuff\ag3-vs2c\ag3\ag3\ag3\x64\release\chunk.obj
c:\users\ilike\desktop\c++ stuff\ag3-vs2c\ag3\ag3\ag3\x64\release\gui.obj
c:\users\ilike\desktop\c++ stuff\ag3-vs2c\ag3\ag3\ag3\x64\release\lua_constructor_wrappers.obj
c:\users\ilike\desktop\c++ stuff\ag3-vs2c\ag3\ag3\ag3\x64\release\aengine.obj
c:\users\ilike\desktop\c++ stuff\ag3-vs2c\ag3\ag3\ag3\x64\release\lua_handler.obj
c:\users\ilike\desktop\c++ stuff\ag3-vs2c\ag3\ag3\ag3\x64\release\audio_player_component.obj
c:\users\ilike\desktop\c++ stuff\ag3-vs2c\ag3\ag3\ag3\x64\release\lua_component_wrappers.obj
c:\users\ilike\desktop\c++ stuff\ag3-vs2c\ag3\ag3\ag3\x64\release\lua_usertype_initialization.obj
c:\users\ilike\desktop\c++ stuff\ag3-vs2c\ag3\ag3\ag3\x64\release\component_registry_export.obj
c:\users\ilike\desktop\c++ stuff\ag3-vs2c\ag3\ag3\ag3\x64\release\client.obj
c:\users\ilike\desktop\c++ stuff\ag3-vs2c\ag3\ag3\ag3\x64\release\network.obj
c:\users\ilike\desktop\c++ stuff\ag3-vs2c\ag3\ag3\ag3\x64\release\sound.obj
c:\users\ilike\desktop\c++ stuff\ag3-vs2c\ag3\ag3\ag3\x64\release\indirect_draw_command.obj
c:\users\ilike\desktop\c++ stuff\ag3-vs2c\ag3\ag3\ag3\x64\release\material.obj
c:\users\ilike\desktop\c++ stuff\ag3-vs2c\ag3\ag3\ag3\x64\release\attribute.obj
c:\users\ilike\desktop\c++ stuff\ag3-vs2c\ag3\ag3\ag3\x64\release\health.obj
c:\users\ilike\desktop\c++ stuff\ag3-vs2c\ag3\ag3\ag3\x64\release\physics_mesh.obj
c:\users\ilike\desktop\c++ stuff\ag3-vs2c\ag3\ag3\ag3\x64\release\old_component_registry.obj
c:\users\ilike\desktop\c++ stuff\ag3-vs2c\ag3\ag3\ag3\x64\release\transform_component.obj
c:\users\ilike\desktop\c++ stuff\ag3-vs2c\ag3\ag3\ag3\x64\release\mesh_voxels.obj
c:\users\ilike\desktop\c++ stuff\ag3-vs2c\ag3\ag3\ag3\x64\release\worldgen.obj
c:\users\ilike\desktop\c++ stuff\ag3-vs2c\ag3\ag3\ag3\x64\release\gjk.obj
c:\users\ilike\desktop\c++ stuff\ag3-vs2c\ag3\ag3\ag3\x64\release\base_event.obj
c:\users\ilike\desktop\c++ stuff\ag3-vs2c\ag3\ag3\ag3\x64\release\compute_shader_program.obj
c:\users\ilike\desktop\c++ stuff\ag3-vs2c\ag3\ag3\ag3\x64\release\framebuffer.obj
c:\users\ilike\desktop\c++ stuff\ag3-vs2c\ag3\ag3\ag3\x64\release\main.obj
c:\users\ilike\desktop\c++ stuff\ag3-vs2c\ag3\ag3\ag3\x64\release\pointlight_component.obj
c:\users\ilike\desktop\c++ stuff\ag3-vs2c\ag3\ag3\ag3\x64\release\shader_program.obj
c:\users\ilike\desktop\c++ stuff\ag3-vs2c\ag3\ag3\ag3\x64\release\let_me_hash_a_tuple.obj
c:\users\ilike\desktop\c++ stuff\ag3-vs2c\ag3\ag3\ag3\x64\release\utility.obj
c:\users\ilike\desktop\c++ stuff\ag3-vs2c\ag3\ag3\ag3\x64\release\tilemap.obj
c:\users\ilike\desktop\c++ stuff\ag3-vs2c\ag3\ag3\ag3\x64\release\buffered_buffer.obj
c:\users\ilike\desktop\c++ stuff\ag3-vs2c\ag3\ag3\ag3\x64\release\gl_error_handler.obj
c:\users\ilike\desktop\c++ stuff\ag3-vs2c\ag3\ag3\ag3\x64\release\mesh_multifromfile.obj
c:\users\ilike\desktop\c++ stuff\ag3-vs2c\ag3\ag3\ag3\x64\release\mesh_simplification.obj
c:\users\ilike\desktop\c++ stuff\ag3-vs2c\ag3\ag3\ag3\x64\release\pengine.obj
c:\users\ilike\desktop\c++ stuff\ag3-vs2c\ag3\ag3\ag3\x64\release\gameobject.obj
c:\users\ilike\desktop\c++ stuff\ag3-vs2c\ag3\ag3\ag3\x64\release\module.obj
c:\users\ilike\desktop\c++ stuff\ag3-vs2c\ag3\ag3\ag3\x64\release\checked_openal_call.obj
c:\users\ilike\desktop\c++ stuff\ag3-vs2c\ag3\ag3\ag3\x64\release\gengine.obj
c:\users\ilike\desktop\c++ stuff\ag3-vs2c\ag3\ag3\ag3\x64\release\humanoid.obj
c:\users\ilike\desktop\c++ stuff\ag3-vs2c\ag3\ag3\ag3\x64\release\log.obj
c:\users\ilike\desktop\c++ stuff\ag3-vs2c\ag3\ag3\ag3\x64\release\mesh.obj
c:\users\ilike\desktop\c++ stuff\ag3-vs2c\ag3\ag3\ag3\x64\release\creature.obj
c:\users\ilike\desktop\c++ stuff\ag3-vs2c\ag3\ag3\ag3\x64\release\vc143.pdb
c:\users\ilike\desktop\c++ stuff\ag3-vs2c\ag3\ag3\ag3\x64\release\ag3.tlog\cl.12020.write.1.tlog
c:\users\ilike\desktop\c++ stuff\ag3-vs2c\ag3\ag3\ag3\x64\release\ag3.tlog\cl.command.1.tlog
c:\users\ilike\desktop\c++ stuff\ag3-vs2c\ag3\ag3\ag3\x64\release\ag3.tlog\cl.read.1.tlog
c:\users\ilike\desktop\c++ stuff\ag3-vs2c\ag3\ag3\ag3\x64\release\ag3.tlog\link.command.1.tlog
c:\users\ilike\desktop\c++ stuff\ag3-vs2c\ag3\ag3\ag3\x64\release\ag3.tlog\link.read.1.tlog
c:\users\ilike\desktop\c++ stuff\ag3-vs2c\ag3\ag3\ag3\x64\release\ag3.tlog\link.write.1.tlog
