c:\users\ilike\desktop\c++ stuff\ag3-vs2c\ag3\ag3\x64\debug\assimp-vc143-mtd.dll
c:\users\ilike\desktop\c++ stuff\ag3-vs2c\ag3\ag3\x64\debug\poly2tri.dll
c:\users\ilike\desktop\c++ stuff\ag3-vs2c\ag3\ag3\x64\debug\minizip.dll
c:\users\ilike\desktop\c++ stuff\ag3-vs2c\ag3\ag3\x64\debug\zlibd1.dll
c:\users\ilike\desktop\c++ stuff\ag3-vs2c\ag3\ag3\x64\debug\pugixml.dll
c:\users\ilike\desktop\c++ stuff\ag3-vs2c\ag3\ag3\x64\debug\freetyped.dll
c:\users\ilike\desktop\c++ stuff\ag3-vs2c\ag3\ag3\x64\debug\bz2d.dll
c:\users\ilike\desktop\c++ stuff\ag3-vs2c\ag3\ag3\x64\debug\libpng16d.dll
c:\users\ilike\desktop\c++ stuff\ag3-vs2c\ag3\ag3\x64\debug\brotlidec.dll
c:\users\ilike\desktop\c++ stuff\ag3-vs2c\ag3\ag3\x64\debug\brotlicommon.dll
c:\users\ilike\desktop\c++ stuff\ag3-vs2c\ag3\ag3\x64\debug\glew32d.dll
c:\users\ilike\desktop\c++ stuff\ag3-vs2c\ag3\ag3\x64\debug\glfw3.dll
c:\users\ilike\desktop\c++ stuff\ag3-vs2c\ag3\ag3\x64\debug\lua.dll
c:\users\ilike\desktop\c++ stuff\ag3-vs2c\ag3\ag3\x64\debug\openal32.dll
c:\users\ilike\desktop\c++ stuff\ag3-vs2c\ag3\ag3\ag3\x64\debug\pointlight_component.obj
c:\users\ilike\desktop\c++ stuff\ag3-vs2c\ag3\ag3\ag3\x64\debug\text_mesh.obj
c:\users\ilike\desktop\c++ stuff\ag3-vs2c\ag3\ag3\ag3\x64\debug\spatial_acceleration_structure.obj
c:\users\ilike\desktop\c++ stuff\ag3-vs2c\ag3\ag3\ag3\x64\debug\old_component_registry.obj
c:\users\ilike\desktop\c++ stuff\ag3-vs2c\ag3\ag3\ag3\x64\debug\animation.obj
c:\users\ilike\desktop\c++ stuff\ag3-vs2c\ag3\ag3\ag3\x64\debug\meshpool.obj
c:\users\ilike\desktop\c++ stuff\ag3-vs2c\ag3\ag3\ag3\x64\debug\creature.obj
c:\users\ilike\desktop\c++ stuff\ag3-vs2c\ag3\ag3\ag3\x64\debug\base_component.obj
c:\users\ilike\desktop\c++ stuff\ag3-vs2c\ag3\ag3\ag3\x64\debug\base_shader_program.obj
c:\users\ilike\desktop\c++ stuff\ag3-vs2c\ag3\ag3\ag3\x64\debug\texture.obj
c:\users\ilike\desktop\c++ stuff\ag3-vs2c\ag3\ag3\ag3\x64\debug\tilemap.obj
c:\users\ilike\desktop\c++ stuff\ag3-vs2c\ag3\ag3\ag3\x64\debug\buffered_buffer.obj
c:\users\ilike\desktop\c++ stuff\ag3-vs2c\ag3\ag3\ag3\x64\debug\gl_error_handler.obj
c:\users\ilike\desktop\c++ stuff\ag3-vs2c\ag3\ag3\ag3\x64\debug\mesh_multifromfile.obj
c:\users\ilike\desktop\c++ stuff\ag3-vs2c\ag3\ag3\ag3\x64\debug\world_loader.obj
c:\users\ilike\desktop\c++ stuff\ag3-vs2c\ag3\ag3\ag3\x64\debug\lifetime.obj
c:\users\ilike\desktop\c++ stuff\ag3-vs2c\ag3\ag3\ag3\x64\debug\texture_atlas.obj
c:\users\ilike\desktop\c++ stuff\ag3-vs2c\ag3\ag3\ag3\x64\debug\attribute.obj
c:\users\ilike\desktop\c++ stuff\ag3-vs2c\ag3\ag3\ag3\x64\debug\game.obj
c:\users\ilike\desktop\c++ stuff\ag3-vs2c\ag3\ag3\ag3\x64\debug\collider_component.obj
c:\users\ilike\desktop\c++ stuff\ag3-vs2c\ag3\ag3\ag3\x64\debug\tinyobjloader.obj
c:\users\ilike\desktop\c++ stuff\ag3-vs2c\ag3\ag3\ag3\x64\debug\window.obj
c:\users\ilike\desktop\c++ stuff\ag3-vs2c\ag3\ag3\ag3\x64\debug\rigidbody_component.obj
c:\users\ilike\desktop\c++ stuff\ag3-vs2c\ag3\ag3\ag3\x64\debug\mesh_voxels.obj
c:\users\ilike\desktop\c++ stuff\ag3-vs2c\ag3\ag3\ag3\x64\debug\worldgen.obj
c:\users\ilike\desktop\c++ stuff\ag3-vs2c\ag3\ag3\ag3\x64\debug\mesh_simplification.obj
c:\users\ilike\desktop\c++ stuff\ag3-vs2c\ag3\ag3\ag3\x64\debug\pengine.obj
c:\users\ilike\desktop\c++ stuff\ag3-vs2c\ag3\ag3\ag3\x64\debug\component_pool.obj
c:\users\ilike\desktop\c++ stuff\ag3-vs2c\ag3\ag3\ag3\x64\debug\lua_handler.obj
c:\users\ilike\desktop\c++ stuff\ag3-vs2c\ag3\ag3\ag3\x64\debug\render_component.obj
c:\users\ilike\desktop\c++ stuff\ag3-vs2c\ag3\ag3\ag3\x64\debug\component_registry_export.obj
c:\users\ilike\desktop\c++ stuff\ag3-vs2c\ag3\ag3\ag3\x64\debug\client.obj
c:\users\ilike\desktop\c++ stuff\ag3-vs2c\ag3\ag3\ag3\x64\debug\protocol.obj
c:\users\ilike\desktop\c++ stuff\ag3-vs2c\ag3\ag3\ag3\x64\debug\animation_component.obj
c:\users\ilike\desktop\c++ stuff\ag3-vs2c\ag3\ag3\ag3\x64\debug\shader_program.obj
c:\users\ilike\desktop\c++ stuff\ag3-vs2c\ag3\ag3\ag3\x64\debug\let_me_hash_a_tuple.obj
c:\users\ilike\desktop\c++ stuff\ag3-vs2c\ag3\ag3\ag3\x64\debug\utility.obj
c:\users\ilike\desktop\c++ stuff\ag3-vs2c\ag3\ag3\ag3\x64\debug\base_event.obj
c:\users\ilike\desktop\c++ stuff\ag3-vs2c\ag3\ag3\ag3\x64\debug\compute_shader_program.obj
c:\users\ilike\desktop\c++ stuff\ag3-vs2c\ag3\ag3\ag3\x64\debug\framebuffer.obj
c:\users\ilike\desktop\c++ stuff\ag3-vs2c\ag3\ag3\ag3\x64\debug\network.obj
c:\users\ilike\desktop\c++ stuff\ag3-vs2c\ag3\ag3\ag3\x64\debug\event.obj
c:\users\ilike\desktop\c++ stuff\ag3-vs2c\ag3\ag3\ag3\x64\debug\transform_component.obj
c:\users\ilike\desktop\c++ stuff\ag3-vs2c\ag3\ag3\ag3\x64\debug\mesh_provider.obj
c:\users\ilike\desktop\c++ stuff\ag3-vs2c\ag3\ag3\ag3\x64\debug\modifier.obj
c:\users\ilike\desktop\c++ stuff\ag3-vs2c\ag3\ag3\ag3\x64\debug\raycast.obj
c:\users\ilike\desktop\c++ stuff\ag3-vs2c\ag3\ag3\ag3\x64\debug\log.obj
c:\users\ilike\desktop\c++ stuff\ag3-vs2c\ag3\ag3\ag3\x64\debug\indirect_draw_command.obj
c:\users\ilike\desktop\c++ stuff\ag3-vs2c\ag3\ag3\ag3\x64\debug\material.obj
c:\users\ilike\desktop\c++ stuff\ag3-vs2c\ag3\ag3\ag3\x64\debug\chunk.obj
c:\users\ilike\desktop\c++ stuff\ag3-vs2c\ag3\ag3\ag3\x64\debug\aengine.obj
c:\users\ilike\desktop\c++ stuff\ag3-vs2c\ag3\ag3\ag3\x64\debug\lua_component_wrappers.obj
c:\users\ilike\desktop\c++ stuff\ag3-vs2c\ag3\ag3\ag3\x64\debug\lua_constructor_wrappers.obj
c:\users\ilike\desktop\c++ stuff\ag3-vs2c\ag3\ag3\ag3\x64\debug\gameobject.obj
c:\users\ilike\desktop\c++ stuff\ag3-vs2c\ag3\ag3\ag3\x64\debug\lua_usertype_initialization.obj
c:\users\ilike\desktop\c++ stuff\ag3-vs2c\ag3\ag3\ag3\x64\debug\main.obj
c:\users\ilike\desktop\c++ stuff\ag3-vs2c\ag3\ag3\ag3\x64\debug\spotlight_component.obj
c:\users\ilike\desktop\c++ stuff\ag3-vs2c\ag3\ag3\ag3\x64\debug\camera.obj
c:\users\ilike\desktop\c++ stuff\ag3-vs2c\ag3\ag3\ag3\x64\debug\renderable_mesh.obj
c:\users\ilike\desktop\c++ stuff\ag3-vs2c\ag3\ag3\ag3\x64\debug\gjk.obj
c:\users\ilike\desktop\c++ stuff\ag3-vs2c\ag3\ag3\ag3\x64\debug\audio_player_component.obj
c:\users\ilike\desktop\c++ stuff\ag3-vs2c\ag3\ag3\ag3\x64\debug\stb_image.obj
c:\users\ilike\desktop\c++ stuff\ag3-vs2c\ag3\ag3\ag3\x64\debug\graphics_engine_export.obj
c:\users\ilike\desktop\c++ stuff\ag3-vs2c\ag3\ag3\ag3\x64\debug\sound.obj
c:\users\ilike\desktop\c++ stuff\ag3-vs2c\ag3\ag3\ag3\x64\debug\mesh.obj
c:\users\ilike\desktop\c++ stuff\ag3-vs2c\ag3\ag3\ag3\x64\debug\health.obj
c:\users\ilike\desktop\c++ stuff\ag3-vs2c\ag3\ag3\ag3\x64\debug\physics_mesh.obj
c:\users\ilike\desktop\c++ stuff\ag3-vs2c\ag3\ag3\ag3\x64\debug\checked_openal_call.obj
c:\users\ilike\desktop\c++ stuff\ag3-vs2c\ag3\ag3\ag3\x64\debug\gengine.obj
c:\users\ilike\desktop\c++ stuff\ag3-vs2c\ag3\ag3\ag3\x64\debug\humanoid.obj
c:\users\ilike\desktop\c++ stuff\ag3-vs2c\ag3\ag3\ag3\x64\debug\gui.obj
c:\users\ilike\desktop\c++ stuff\ag3-vs2c\ag3\ag3\ag3\x64\debug\module.obj
c:\users\ilike\desktop\c++ stuff\ag3-vs2c\ag3\ag3\ag3\x64\debug\vc143.pdb
c:\users\ilike\desktop\c++ stuff\ag3-vs2c\ag3\ag3\ag3\x64\debug\vc143.idb
c:\users\ilike\desktop\c++ stuff\ag3-vs2c\ag3\ag3\x64\debug\ag3.exe
c:\users\ilike\desktop\c++ stuff\ag3-vs2c\ag3\ag3\x64\debug\ag3.pdb
c:\users\ilike\desktop\c++ stuff\ag3-vs2c\ag3\ag3\ag3\x64\debug\ag3.ilk
c:\users\ilike\desktop\c++ stuff\ag3-vs2c\ag3\ag3\ag3\x64\debug\ag3.tlog\ag3.write.1u.tlog
c:\users\ilike\desktop\c++ stuff\ag3-vs2c\ag3\ag3\ag3\x64\debug\ag3.tlog\cl.command.1.tlog
c:\users\ilike\desktop\c++ stuff\ag3-vs2c\ag3\ag3\ag3\x64\debug\ag3.tlog\cl.items.tlog
c:\users\ilike\desktop\c++ stuff\ag3-vs2c\ag3\ag3\ag3\x64\debug\ag3.tlog\cl.read.1.tlog
c:\users\ilike\desktop\c++ stuff\ag3-vs2c\ag3\ag3\ag3\x64\debug\ag3.tlog\cl.write.1.tlog
c:\users\ilike\desktop\c++ stuff\ag3-vs2c\ag3\ag3\ag3\x64\debug\ag3.tlog\link.command.1.tlog
c:\users\ilike\desktop\c++ stuff\ag3-vs2c\ag3\ag3\ag3\x64\debug\ag3.tlog\link.read.1.tlog
c:\users\ilike\desktop\c++ stuff\ag3-vs2c\ag3\ag3\ag3\x64\debug\ag3.tlog\link.secondary.1.tlog
c:\users\ilike\desktop\c++ stuff\ag3-vs2c\ag3\ag3\ag3\x64\debug\ag3.tlog\link.write.1.tlog
