c:\users\ilike\onedrive\desktop\ag3\tg3\x64\debug\tg3.pch
c:\users\ilike\onedrive\desktop\ag3\tg3\x64\debug\vc143.pdb
c:\users\ilike\onedrive\desktop\ag3\tg3\x64\debug\pch.obj
c:\users\ilike\onedrive\desktop\ag3\tg3\x64\debug\tg3.obj
c:\users\ilike\onedrive\desktop\ag3\ag3\x64\debug\clang_rt.asan_dynamic-x86_64.dll
c:\users\ilike\onedrive\desktop\ag3\ag3\x64\debug\tg3.dll
c:\users\ilike\onedrive\desktop\ag3\ag3\x64\debug\tg3.pdb
c:\users\ilike\desktop\c++ stuff\ag3-vs2c\ag3\ag3\x64\debug\assimp-vc143-mtd.dll
c:\users\ilike\desktop\c++ stuff\ag3-vs2c\ag3\ag3\x64\debug\poly2tri.dll
c:\users\ilike\desktop\c++ stuff\ag3-vs2c\ag3\ag3\x64\debug\minizip.dll
c:\users\ilike\desktop\c++ stuff\ag3-vs2c\ag3\ag3\x64\debug\zlibd1.dll
c:\users\ilike\desktop\c++ stuff\ag3-vs2c\ag3\ag3\x64\debug\pugixml.dll
c:\users\ilike\desktop\c++ stuff\ag3-vs2c\ag3\ag3\x64\debug\freetyped.dll
c:\users\ilike\desktop\c++ stuff\ag3-vs2c\ag3\ag3\x64\debug\bz2d.dll
c:\users\ilike\desktop\c++ stuff\ag3-vs2c\ag3\ag3\x64\debug\libpng16d.dll
c:\users\ilike\desktop\c++ stuff\ag3-vs2c\ag3\ag3\x64\debug\brotlidec.dll
c:\users\ilike\desktop\c++ stuff\ag3-vs2c\ag3\ag3\x64\debug\brotlicommon.dll
c:\users\ilike\desktop\c++ stuff\ag3-vs2c\ag3\ag3\x64\debug\glew32d.dll
c:\users\ilike\desktop\c++ stuff\ag3-vs2c\ag3\ag3\x64\debug\glfw3.dll
c:\users\ilike\desktop\c++ stuff\ag3-vs2c\ag3\ag3\x64\debug\lua.dll
c:\users\ilike\desktop\c++ stuff\ag3-vs2c\ag3\ag3\x64\debug\noise.dll
c:\users\ilike\desktop\c++ stuff\ag3-vs2c\ag3\ag3\x64\debug\openal32.dll
c:\users\ilike\onedrive\desktop\ag3\ag3\x64\debug\assimp-vc143-mtd.dll
c:\users\ilike\onedrive\desktop\ag3\ag3\x64\debug\poly2tri.dll
c:\users\ilike\onedrive\desktop\ag3\ag3\x64\debug\minizip.dll
c:\users\ilike\onedrive\desktop\ag3\ag3\x64\debug\zlibd1.dll
c:\users\ilike\onedrive\desktop\ag3\ag3\x64\debug\pugixml.dll
c:\users\ilike\onedrive\desktop\ag3\ag3\x64\debug\freetyped.dll
c:\users\ilike\onedrive\desktop\ag3\ag3\x64\debug\bz2d.dll
c:\users\ilike\onedrive\desktop\ag3\ag3\x64\debug\libpng16d.dll
c:\users\ilike\onedrive\desktop\ag3\ag3\x64\debug\brotlidec.dll
c:\users\ilike\onedrive\desktop\ag3\ag3\x64\debug\brotlicommon.dll
c:\users\ilike\onedrive\desktop\ag3\ag3\x64\debug\glew32d.dll
c:\users\ilike\onedrive\desktop\ag3\ag3\x64\debug\glfw3.dll
c:\users\ilike\onedrive\desktop\ag3\ag3\x64\debug\lua.dll
c:\users\ilike\onedrive\desktop\ag3\ag3\x64\debug\noise.dll
c:\users\ilike\onedrive\desktop\ag3\ag3\x64\debug\openal32.dll
c:\users\ilike\onedrive\desktop\ag3\ag3\x64\debug\tg3.lib
c:\users\ilike\onedrive\desktop\ag3\ag3\x64\debug\tg3.exp
c:\users\ilike\onedrive\desktop\ag3\tg3\x64\debug\vc143.idb
c:\users\ilike\onedrive\desktop\ag3\tg3\x64\debug\tg3.tlog\cl.command.1.tlog
c:\users\ilike\onedrive\desktop\ag3\tg3\x64\debug\tg3.tlog\cl.items.tlog
c:\users\ilike\onedrive\desktop\ag3\tg3\x64\debug\tg3.tlog\cl.read.1.tlog
c:\users\ilike\onedrive\desktop\ag3\tg3\x64\debug\tg3.tlog\cl.write.1.tlog
c:\users\ilike\onedrive\desktop\ag3\tg3\x64\debug\tg3.tlog\copyfile.command.1.tlog
c:\users\ilike\onedrive\desktop\ag3\tg3\x64\debug\tg3.tlog\copyfile.read.1.tlog
c:\users\ilike\onedrive\desktop\ag3\tg3\x64\debug\tg3.tlog\copyfile.write.1.tlog
c:\users\ilike\onedrive\desktop\ag3\tg3\x64\debug\tg3.tlog\link.command.1.tlog
c:\users\ilike\onedrive\desktop\ag3\tg3\x64\debug\tg3.tlog\link.read.1.tlog
c:\users\ilike\onedrive\desktop\ag3\tg3\x64\debug\tg3.tlog\link.secondary.1.tlog
c:\users\ilike\onedrive\desktop\ag3\tg3\x64\debug\tg3.tlog\link.write.1.tlog
c:\users\ilike\onedrive\desktop\ag3\tg3\x64\debug\tg3.tlog\tg3.write.1u.tlog
